{"/home/manuel/test/Jest_test/calculator.js": {"path":"/home/manuel/test/Jest_test/calculator.js","statementMap":{"0":{"start":{"line":1,"column":19},"end":{"line":14,"column":1}},"1":{"start":{"line":3,"column":4},"end":{"line":3,"column":17}},"2":{"start":{"line":6,"column":4},"end":{"line":6,"column":17}},"3":{"start":{"line":9,"column":4},"end":{"line":9,"column":17}},"4":{"start":{"line":12,"column":4},"end":{"line":12,"column":17}}},"fnMap":{"0":{"name":"(anonymous_0)","decl":{"start":{"line":2,"column":7},"end":{"line":2,"column":8}},"loc":{"start":{"line":2,"column":17},"end":{"line":4,"column":3}},"line":2},"1":{"name":"(anonymous_1)","decl":{"start":{"line":5,"column":13},"end":{"line":5,"column":14}},"loc":{"start":{"line":5,"column":23},"end":{"line":7,"column":3}},"line":5},"2":{"name":"(anonymous_2)","decl":{"start":{"line":8,"column":10},"end":{"line":8,"column":11}},"loc":{"start":{"line":8,"column":20},"end":{"line":10,"column":3}},"line":8},"3":{"name":"(anonymous_3)","decl":{"start":{"line":11,"column":12},"end":{"line":11,"column":13}},"loc":{"start":{"line":11,"column":22},"end":{"line":13,"column":3}},"line":11}},"branchMap":{},"s":{"0":1,"1":1,"2":1,"3":1,"4":1},"f":{"0":1,"1":1,"2":1,"3":1},"b":{},"_coverageSchema":"1a1c01bbd47fc00a2c39e90264f33305004495a9","hash":"3749b4277a4511d502a9970f0c0e40b4f4273f57"}
,"/home/manuel/test/Jest_test/capitalize.js": {"path":"/home/manuel/test/Jest_test/capitalize.js","statementMap":{"0":{"start":{"line":2,"column":2},"end":{"line":2,"column":65}}},"fnMap":{"0":{"name":"capitalize","decl":{"start":{"line":1,"column":9},"end":{"line":1,"column":19}},"loc":{"start":{"line":1,"column":25},"end":{"line":3,"column":1}},"line":1}},"branchMap":{},"s":{"0":1},"f":{"0":1},"b":{},"_coverageSchema":"1a1c01bbd47fc00a2c39e90264f33305004495a9","hash":"4ddf086f686d067a85ee76e08474dcc245af77ae"}
,"/home/manuel/test/Jest_test/cesar.js": {"path":"/home/manuel/test/Jest_test/cesar.js","statementMap":{"0":{"start":{"line":2,"column":14},"end":{"line":2,"column":42}},"1":{"start":{"line":3,"column":16},"end":{"line":3,"column":18}},"2":{"start":{"line":4,"column":2},"end":{"line":19,"column":3}},"3":{"start":{"line":4,"column":15},"end":{"line":4,"column":16}},"4":{"start":{"line":5,"column":4},"end":{"line":18,"column":5}},"5":{"start":{"line":6,"column":6},"end":{"line":6,"column":21}},"6":{"start":{"line":8,"column":18},"end":{"line":8,"column":37}},"7":{"start":{"line":9,"column":18},"end":{"line":9,"column":32}},"8":{"start":{"line":10,"column":6},"end":{"line":17,"column":7}},"9":{"start":{"line":11,"column":8},"end":{"line":13,"column":9}},"10":{"start":{"line":12,"column":10},"end":{"line":12,"column":30}},"11":{"start":{"line":14,"column":8},"end":{"line":14,"column":30}},"12":{"start":{"line":16,"column":8},"end":{"line":16,"column":39}},"13":{"start":{"line":20,"column":2},"end":{"line":20,"column":17}}},"fnMap":{"0":{"name":"cesar","decl":{"start":{"line":1,"column":24},"end":{"line":1,"column":29}},"loc":{"start":{"line":1,"column":43},"end":{"line":21,"column":1}},"line":1}},"branchMap":{"0":{"loc":{"start":{"line":5,"column":4},"end":{"line":18,"column":5}},"type":"if","locations":[{"start":{"line":5,"column":4},"end":{"line":18,"column":5}},{"start":{"line":7,"column":11},"end":{"line":18,"column":5}}],"line":5},"1":{"loc":{"start":{"line":10,"column":6},"end":{"line":17,"column":7}},"type":"if","locations":[{"start":{"line":10,"column":6},"end":{"line":17,"column":7}},{"start":{"line":15,"column":13},"end":{"line":17,"column":7}}],"line":10}},"s":{"0":3,"1":3,"2":3,"3":3,"4":10,"5":1,"6":9,"7":9,"8":9,"9":5,"10":5,"11":5,"12":4,"13":3},"f":{"0":3},"b":{"0":[1,9],"1":[5,4]},"_coverageSchema":"1a1c01bbd47fc00a2c39e90264f33305004495a9","hash":"ddfe08a65386365ab104a1947b4193a59c736603"}
,"/home/manuel/test/Jest_test/reverse.js": {"path":"/home/manuel/test/Jest_test/reverse.js","statementMap":{"0":{"start":{"line":2,"column":12},"end":{"line":2,"column":14}},"1":{"start":{"line":3,"column":2},"end":{"line":5,"column":3}},"2":{"start":{"line":3,"column":15},"end":{"line":3,"column":16}},"3":{"start":{"line":4,"column":4},"end":{"line":4,"column":35}},"4":{"start":{"line":6,"column":2},"end":{"line":6,"column":13}}},"fnMap":{"0":{"name":"reverseString","decl":{"start":{"line":1,"column":24},"end":{"line":1,"column":37}},"loc":{"start":{"line":1,"column":43},"end":{"line":7,"column":1}},"line":1}},"branchMap":{},"s":{"0":1,"1":1,"2":1,"3":6,"4":1},"f":{"0":1},"b":{},"_coverageSchema":"1a1c01bbd47fc00a2c39e90264f33305004495a9","hash":"6b3b003af141020e157e27c5f05bea474c74da2f"}
}
