TN:
SF:calculator.js
FN:2,(anonymous_0)
FN:5,(anonymous_1)
FN:8,(anonymous_2)
FN:11,(anonymous_3)
FNF:4
FNH:4
FNDA:1,(anonymous_0)
FNDA:1,(anonymous_1)
FNDA:1,(anonymous_2)
FNDA:1,(anonymous_3)
DA:1,1
DA:3,1
DA:6,1
DA:9,1
DA:12,1
LF:5
LH:5
BRF:0
BRH:0
end_of_record
TN:
SF:capitalize.js
FN:1,capitalize
FNF:1
FNH:1
FNDA:1,capitalize
DA:2,1
LF:1
LH:1
BRF:0
BRH:0
end_of_record
TN:
SF:cesar.js
FN:1,cesar
FNF:1
FNH:1
FNDA:3,cesar
DA:2,3
DA:3,3
DA:4,3
DA:5,10
DA:6,1
DA:8,9
DA:9,9
DA:10,9
DA:11,5
DA:12,5
DA:14,5
DA:16,4
DA:20,3
LF:13
LH:13
BRDA:5,0,0,1
BRDA:5,0,1,9
BRDA:10,1,0,5
BRDA:10,1,1,4
BRF:4
BRH:4
end_of_record
TN:
SF:reverse.js
FN:1,reverseString
FNF:1
FNH:1
FNDA:1,reverseString
DA:2,1
DA:3,1
DA:4,6
DA:6,1
LF:4
LH:4
BRF:0
BRH:0
end_of_record
